emulator: Android virtual device file at: /Users/paul/.android/avd/Nexus_6_API_25.ini
emulator: virtual device content at /Users/paul/.android/avd/Nexus_6_API_25.avd
emulator: virtual device config file: /Users/paul/.android/avd/Nexus_6_API_25.avd/config.ini
emulator: using core hw config path: /Users/paul/.android/avd/Nexus_6_API_25.avd/hardware-qemu.ini
emulator: Found AVD target API level: 25
emulator: Read property file at /Users/paul/Library/Android/sdk/system-images/android-25/google_apis/x86//build.prop
emulator: No boot.prop property file found.
emulator: found skin 'nexus_6' in directory: /Users/paul/Library/Android/sdk/skins/
emulator: autoconfig: -skin nexus_6
emulator: autoconfig: -skindir /Users/paul/Library/Android/sdk/skins/
emulator: autoconfig: -kernel /Users/paul/Library/Android/sdk/system-images/android-25/google_apis/x86//kernel-ranchu
emulator: Target arch = 'x86'
emulator: Auto-config: -qemu -cpu qemu32
emulator: Auto-detect: Kernel image requires new device naming scheme.
emulator: Auto-detect: Kernel does not support YAFFS2 partitions.
emulator: autoconfig: -ramdisk /Users/paul/Library/Android/sdk/system-images/android-25/google_apis/x86//ramdisk.img
emulator: Using initial system image: /Users/paul/Library/Android/sdk/system-images/android-25/google_apis/x86//system.img
emulator: autoconfig: -data /Users/paul/.android/avd/Nexus_6_API_25.avd/userdata-qemu.img
emulator: autoconfig: -initdata /Users/paul/.android/avd/Nexus_6_API_25.avd/userdata.img
emulator: autoconfig: -cache /Users/paul/.android/avd/Nexus_6_API_25.avd/cache.img
emulator: autoconfig: -sdcard /Users/paul/.android/avd/Nexus_6_API_25.avd/sdcard.img
emulator: Physical RAM size: 1536MB

emulator: VM heap size 256MB is below hardware specified minimum of 384MB,setting it to that value
emulator: System image is read only
emulator: Found 1 DNS servers: 10.255.88.1
emulator: trying to load skin file '/Users/paul/Library/Android/sdk/skins//nexus_6/layout'
emulator: CPU Acceleration: working
emulator: CPU Acceleration status: HAXM version 6.1.1 (4) is installed and usable.
emulator: GPU emulation enabled using 'host' mode
emulator: Using default value for kernel Contiguous Memory Allocation.
emulator: Found 1 DNS servers: 10.255.88.1
Content of hardware configuration file:
  hw.cpu.arch = x86
  hw.cpu.model = qemu32
  hw.cpu.ncore = 2
  hw.ramSize = 1536
  hw.screen = multi-touch
  hw.mainKeys = false
  hw.trackBall = false
  hw.keyboard = true
  hw.keyboard.lid = false
  hw.keyboard.charmap = qwerty2
  hw.dPad = false
  hw.rotaryInput = false
  hw.gsmModem = true
  hw.gps = true
  hw.battery = true
  hw.accelerometer = true
  hw.audioInput = true
  hw.audioOutput = true
  hw.sdCard = true
  hw.sdCard.path = /Users/paul/.android/avd/Nexus_6_API_25.avd/sdcard.img
  disk.cachePartition = true
  disk.cachePartition.path = /Users/paul/.android/avd/Nexus_6_API_25.avd/cache.img
  disk.cachePartition.size = 66m
  hw.lcd.width = 1440
  hw.lcd.height = 2560
  hw.lcd.depth = 16
  hw.lcd.density = 560
  hw.lcd.backlight = true
  hw.gpu.enabled = true
  hw.gpu.mode = host
  hw.gpu.blacklisted = no
  hw.initialOrientation = Portrait
  hw.camera.back = emulated
  hw.camera.front = emulated
  vm.heapSize = 384
  hw.sensors.light = true
  hw.sensors.pressure = true
  hw.sensors.humidity = true
  hw.sensors.proximity = true
  hw.sensors.magnetic_field = true
  hw.sensors.orientation = true
  hw.sensors.temperature = true
  hw.useext4 = true
  kernel.path = /Users/paul/Library/Android/sdk/system-images/android-25/google_apis/x86//kernel-ranchu
  kernel.newDeviceNaming = yes
  kernel.supportsYaffs2 = no
  disk.ramdisk.path = /Users/paul/Library/Android/sdk/system-images/android-25/google_apis/x86//ramdisk.img
  disk.systemPartition.initPath = /Users/paul/Library/Android/sdk/system-images/android-25/google_apis/x86//system.img
  disk.systemPartition.size = 2g
  disk.dataPartition.path = /Users/paul/.android/avd/Nexus_6_API_25.avd/userdata-qemu.img
  disk.dataPartition.size = 800m
  disk.encryptionKeyPartition.path = /Users/paul/.android/avd/Nexus_6_API_25.avd/encryptionkey.img
  PlayStore.enabled = false
  avd.name = Nexus_6_API_25
.
QEMU options list:
emulator: argv[00] = "/Users/paul/Library/Android/sdk/emulator/qemu/darwin-x86_64/qemu-system-i386"
emulator: argv[01] = "-dns-server"
emulator: argv[02] = "10.255.88.1"
emulator: argv[03] = "-serial"
emulator: argv[04] = "null"
emulator: argv[05] = "-cpu"
emulator: argv[06] = "android32"
emulator: argv[07] = "-enable-hax"
emulator: argv[08] = "-smp"
emulator: argv[09] = "cores=2"
emulator: argv[10] = "-m"
emulator: argv[11] = "1536"
emulator: argv[12] = "-lcd-density"
emulator: argv[13] = "560"
emulator: argv[14] = "-kernel"
emulator: argv[15] = "/Users/paul/Library/Android/sdk/system-images/android-25/google_apis/x86//kernel-ranchu"
emulator: argv[16] = "-initrd"
emulator: argv[17] = "/Users/paul/Library/Android/sdk/system-images/android-25/google_apis/x86//ramdisk.img"
emulator: argv[18] = "-object"
emulator: argv[19] = "iothread,id=disk-iothread"
emulator: argv[20] = "-drive"
emulator: argv[21] = "if=none,overlap-check=none,cache=unsafe,index=0,id=system,file=/Users/paul/.android/avd/Nexus_6_API_25.avd/system.img.qcow2,read-only"
emulator: argv[22] = "-device"
emulator: argv[23] = "virtio-blk-pci,drive=system,iothread=disk-iothread,modern-pio-notify"
emulator: argv[24] = "-drive"
emulator: argv[25] = "if=none,overlap-check=none,cache=unsafe,index=1,id=cache,file=/Users/paul/.android/avd/Nexus_6_API_25.avd/cache.img.qcow2,l2-cache-size=1048576"
emulator: argv[26] = "-device"
emulator: argv[27] = "virtio-blk-pci,drive=cache,iothread=disk-iothread,modern-pio-notify"
emulator: argv[28] = "-drive"
emulator: argv[29] = "if=none,overlap-check=none,cache=unsafe,index=2,id=userdata,file=/Users/paul/.android/avd/Nexus_6_API_25.avd/userdata-qemu.img.qcow2,l2-cache-size=1048576"
emulator: argv[30] = "-device"
emulator: argv[31] = "virtio-blk-pci,drive=userdata,iothread=disk-iothread,modern-pio-notify"
emulator: argv[32] = "-drive"
emulator: argv[33] = "if=none,overlap-check=none,cache=unsafe,index=3,id=encrypt,file=/Users/paul/.android/avd/Nexus_6_API_25.avd/encryptionkey.img.qcow2,l2-cache-size=1048576"
emulator: argv[34] = "-device"
emulator: argv[35] = "virtio-blk-pci,drive=encrypt,iothread=disk-iothread,modern-pio-notify"
emulator: argv[36] = "-drive"
emulator: argv[37] = "if=none,overlap-check=none,cache=unsafe,index=4,id=sdcard,file=/Users/paul/.android/avd/Nexus_6_API_25.avd/sdcard.img.qcow2,l2-cache-size=1048576"
emulator: argv[38] = "-device"
emulator: argv[39] = "virtio-blk-pci,drive=sdcard,iothread=disk-iothread,modern-pio-notify"
emulator: argv[40] = "-netdev"
emulator: argv[41] = "user,id=mynet"
emulator: argv[42] = "-device"
emulator: argv[43] = "virtio-net-pci,netdev=mynet"
emulator: argv[44] = "-netdev"
emulator: argv[45] = "user,id=mynet2,net=10.0.3.0/24"
emulator: argv[46] = "-device"
emulator: argv[47] = "virtio-net-pci,netdev=mynet2"
emulator: argv[48] = "-show-cursor"
emulator: argv[49] = "-L"
emulator: argv[50] = "/Users/paul/Library/Android/sdk/emulator/lib/pc-bios"
emulator: argv[51] = "-soundhw"
emulator: argv[52] = "hda"
emulator: argv[53] = "-vga"
emulator: argv[54] = "none"
emulator: argv[55] = "-append"
emulator: argv[56] = "qemu=1 androidboot.hardware=ranchu clocksource=pit android.qemud=1 console=0 console=0 android.checkjni=1 qemu.gles=1 qemu.encrypt=1 cma=256M"
emulator: argv[57] = "-android-hw"
emulator: argv[58] = "/Users/paul/.android/avd/Nexus_6_API_25.avd/hardware-qemu.ini"
Concatenated QEMU options:
 /Users/paul/Library/Android/sdk/emulator/qemu/darwin-x86_64/qemu-system-i386 -dns-server 10.255.88.1 -serial null -cpu android32 -enable-hax -smp cores=2 -m 1536 -lcd-density 560 -kernel /Users/paul/Library/Android/sdk/system-images/android-25/google_apis/x86//kernel-ranchu -initrd /Users/paul/Library/Android/sdk/system-images/android-25/google_apis/x86//ramdisk.img -object iothread,id=disk-iothread -drive if=none,overlap-check=none,cache=unsafe,index=0,id=system,file=/Users/paul/.android/avd/Nexus_6_API_25.avd/system.img.qcow2,read-only -device virtio-blk-pci,drive=system,iothread=disk-iothread,modern-pio-notify -drive if=none,overlap-check=none,cache=unsafe,index=1,id=cache,file=/Users/paul/.android/avd/Nexus_6_API_25.avd/cache.img.qcow2,l2-cache-size=1048576 -device virtio-blk-pci,drive=cache,iothread=disk-iothread,modern-pio-notify -drive if=none,overlap-check=none,cache=unsafe,index=2,id=userdata,file=/Users/paul/.android/avd/Nexus_6_API_25.avd/userdata-qemu.img.qcow2,l2-cache-size=1048576 -device virtio-blk-pci,drive=userdata,iothread=disk-iothread,modern-pio-notify -drive if=none,overlap-check=none,cache=unsafe,index=3,id=encrypt,file=/Users/paul/.android/avd/Nexus_6_API_25.avd/encryptionkey.img.qcow2,l2-cache-size=1048576 -device virtio-blk-pci,drive=encrypt,iothread=disk-iothread,modern-pio-notify -drive if=none,overlap-check=none,cache=unsafe,index=4,id=sdcard,file=/Users/paul/.android/avd/Nexus_6_API_25.avd/sdcard.img.qcow2,l2-cache-size=1048576 -device virtio-blk-pci,drive=sdcard,iothread=disk-iothread,modern-pio-notify -netdev user,id=mynet -device virtio-net-pci,netdev=mynet -netdev user,id=mynet2,net=10.0.3.0/24 -device virtio-net-pci,netdev=mynet2 -show-cursor -L /Users/paul/Library/Android/sdk/emulator/lib/pc-bios -soundhw hda -vga none -append 'qemu=1 androidboot.hardware=ranchu clocksource=pit android.qemud=1 console=0 console=0 android.checkjni=1 qemu.gles=1 qemu.encrypt=1 cma=256M' -android-hw /Users/paul/.android/avd/Nexus_6_API_25.avd/hardware-qemu.ini
emulator: Starting QEMU main loop
Hax is enabled
Hax ram_size 0x60000000
emulator: registered 'boot-properties' qemud service
emulator: Adding boot property: 'qemu.sf.fake_camera' = 'both'
emulator: Initializing hardware OpenGLES emulation support
emulator: Adding boot property: 'ro.opengles.version' = '131072'
emulator: Adding boot property: 'dalvik.vm.heapsize' = '384m'
emulator: Adding boot property: 'qemu.hw.mainkeys' = '0'
emulator: Adding boot property: 'qemu.sf.lcd_density' = '560'
HAX is working and emulator runs in fast virt mode.
emulator: goldfish_events.have-dpad: false
emulator: goldfish_events.have-trackball: false
emulator: goldfish_events.have-camera: true
emulator: goldfish_events.have-keyboard: true
emulator: goldfish_events.have-lidswitch: false
emulator: goldfish_events.have-touch: false
emulator: goldfish_events.have-multitouch: true
emulator: control console listening on port 5554, ADB on port 5555
Not using any http proxy
emulator: android_hw_fingerprint_init: fingerprint qemud listen service initialized

Your emulator is out of date, please update by launching Android Studio:
 - Start Android Studio
 - Select menu "Tools > Android > SDK Manager"
 - Click "SDK Tools" tab
 - Check "Android SDK Tools" checkbox
 - Click "OK"

emulator: onGuestSendCommand: [0x7fc9e4d52db0] Adb connected, start proxing data
emulator: _hwFingerprint_connect: connect finger print listen is called

emulator: got message from guest system fingerprint HAL

emulator: Done with QEMU main loop
coreaudio: Could not lock voice for audioOutputDeviceIOProc
Reason: Invalid argument
coreaudio: Could not lock voice for audioInputDeviceIOProc
Reason: Invalid argument
coreaudio: Could not lock voice for audioOutputDeviceIOProc
Reason: Invalid argument
coreaudio: Could not lock voice for audioInputDeviceIOProc
Reason: Invalid argument
coreaudio: Could not lock voice for audioOutputDeviceIOProc
Reason: Invalid argument
coreaudio: Could not lock voice for audioInputDeviceIOProc
Reason: Invalid argument
coreaudio: Could not lock voice for audioOutputDeviceIOProc
Reason: Invalid argument
coreaudio: Could not lock voice for audioInputDeviceIOProc
Reason: Invalid argument
coreaudio: Could not lock voice for audioOutputDeviceIOProc
Reason: Invalid argument
coreaudio: Could not lock voice for audioInputDeviceIOProc
Reason: Invalid argument
coreaudio: Could not lock voice for audioOutputDeviceIOProc
Reason: Invalid argument
coreaudio: Could not lock voice for audioInputDeviceIOProc
Reason: Invalid argument
coreaudio: Could not lock voice for audioOutputDeviceIOProc
Reason: Invalid argument
coreaudio: Could not lock voice for audioInputDeviceIOProc
Reason: Invalid argument
coreaudio: Could not lock voice for audioOutputDeviceIOProc
Reason: Invalid argument
coreaudio: Could not lock voice for audioInputDeviceIOProc
Reason: Invalid argument
coreaudio: Could not lock voice for audioOutputDeviceIOProc
Reason: Invalid argument
coreaudio: Could not lock voice for audioInputDeviceIOProc
Reason: Invalid argument
coreaudio: Could not lock voice for audioOutputDeviceIOProc
Reason: Invalid argument
coreaudio: Could not lock voice for audioInputDeviceIOProc
Reason: Invalid argument
coreaudio: Could not lock voice for audioOutputDeviceIOProc
Reason: Invalid argument
coreaudio: Could not lock voice for audioInputDeviceIOProc
Reason: Invalid argument
coreaudio: Could not lock voice for audioOutputDeviceIOProc
Reason: Invalid argument
coreaudio: Could not lock voice for audioInputDeviceIOProc
Reason: Invalid argument
coreaudio: Could not lock voice for audioOutputDeviceIOProc
Reason: Invalid argument
coreaudio: Could not lock voice for audioInputDeviceIOProc
Reason: Invalid argument
coreaudio: Could not lock voice for audioOutputDeviceIOProc
Reason: Invalid argument
coreaudio: Could not lock voice for audioInputDeviceIOProc
Reason: Invalid argument
coreaudio: Could not lock voice for audioOutputDeviceIOProc
Reason: Invalid argument
coreaudio: Could not lock voice for audioInputDeviceIOProc
Reason: Invalid argument
coreaudio: Could not lock voice for audioOutputDeviceIOProc
Reason: Invalid argument
coreaudio: Could not lock voice for audioInputDeviceIOProc
Reason: Invalid argument
coreaudio: Could not lock voice for audioOutputDeviceIOProc
Reason: Invalid argument
coreaudio: Could not lock voice for audioInputDeviceIOProc
Reason: Invalid argument
coreaudio: Could not lock voice for audioOutputDeviceIOProc
Reason: Invalid argument
coreaudio: Could not lock voice for audioInputDeviceIOProc
Reason: Invalid argument
coreaudio: Could not lock voice for audioOutputDeviceIOProc
Reason: Invalid argument
coreaudio: Could not lock voice for audioInputDeviceIOProc
Reason: Invalid argument
emulator: User configuration saved to /Users/paul/.android/avd/Nexus_6_API_25.avd/emulator-user.ini
coreaudio: Could not lock voice for audioOutputDeviceIOProc
Reason: Invalid argument
coreaudio: Could not lock voice for audioInputDeviceIOProc
Reason: Invalid argument
coreaudio: Could not lock voice for audioOutputDeviceIOProc
Reason: Invalid argument
coreaudio: Could not lock voice for audioInputDeviceIOProc
Reason: Invalid argument
coreaudio: Could not lock voice for audioOutputDeviceIOProc
Reason: Invalid argument
coreaudio: Could not lock voice for audioInputDeviceIOProc
Reason: Invalid argument
coreaudio: Could not lock voice for audioOutputDeviceIOProc
Reason: Invalid argument
coreaudio: Could not lock voice for audioInputDeviceIOProc
Reason: Invalid argument
emulator: Android virtual device file at: /Users/paul/.android/avd/Nexus_6_API_25.ini
emulator: virtual device content at /Users/paul/.android/avd/Nexus_6_API_25.avd
emulator: virtual device config file: /Users/paul/.android/avd/Nexus_6_API_25.avd/config.ini
emulator: using core hw config path: /Users/paul/.android/avd/Nexus_6_API_25.avd/hardware-qemu.ini
emulator: Found AVD target API level: 25
emulator: Read property file at /Users/paul/Library/Android/sdk/system-images/android-25/google_apis/x86//build.prop
emulator: No boot.prop property file found.
emulator: found skin 'nexus_6' in directory: /Users/paul/Library/Android/sdk/skins/
emulator: autoconfig: -skin nexus_6
emulator: autoconfig: -skindir /Users/paul/Library/Android/sdk/skins/
emulator: autoconfig: -kernel /Users/paul/Library/Android/sdk/system-images/android-25/google_apis/x86//kernel-ranchu
emulator: Target arch = 'x86'
emulator: Auto-config: -qemu -cpu qemu32
emulator: Auto-detect: Kernel image requires new device naming scheme.
emulator: Auto-detect: Kernel does not support YAFFS2 partitions.
emulator: autoconfig: -ramdisk /Users/paul/Library/Android/sdk/system-images/android-25/google_apis/x86//ramdisk.img
emulator: Using initial system image: /Users/paul/Library/Android/sdk/system-images/android-25/google_apis/x86//system.img
emulator: autoconfig: -data /Users/paul/.android/avd/Nexus_6_API_25.avd/userdata-qemu.img
emulator: autoconfig: -initdata /Users/paul/.android/avd/Nexus_6_API_25.avd/userdata.img
emulator: autoconfig: -cache /Users/paul/.android/avd/Nexus_6_API_25.avd/cache.img
emulator: autoconfig: -sdcard /Users/paul/.android/avd/Nexus_6_API_25.avd/sdcard.img
emulator: Physical RAM size: 1536MB

emulator: VM heap size 256MB is below hardware specified minimum of 384MB,setting it to that value
emulator: System image is read only
emulator: Found 1 DNS servers: 10.255.88.1
emulator: trying to load skin file '/Users/paul/Library/Android/sdk/skins//nexus_6/layout'
emulator: CPU Acceleration: working
emulator: CPU Acceleration status: HAXM version 6.1.1 (4) is installed and usable.
emulator: GPU emulation enabled using 'host' mode
emulator: Using default value for kernel Contiguous Memory Allocation.
emulator: Found 1 DNS servers: 10.255.88.1
Content of hardware configuration file:
  hw.cpu.arch = x86
  hw.cpu.model = qemu32
  hw.cpu.ncore = 2
  hw.ramSize = 1536
  hw.screen = multi-touch
  hw.mainKeys = false
  hw.trackBall = false
  hw.keyboard = true
  hw.keyboard.lid = false
  hw.keyboard.charmap = qwerty2
  hw.dPad = false
  hw.rotaryInput = false
  hw.gsmModem = true
  hw.gps = true
  hw.battery = true
  hw.accelerometer = true
  hw.audioInput = true
  hw.audioOutput = true
  hw.sdCard = true
  hw.sdCard.path = /Users/paul/.android/avd/Nexus_6_API_25.avd/sdcard.img
  disk.cachePartition = true
  disk.cachePartition.path = /Users/paul/.android/avd/Nexus_6_API_25.avd/cache.img
  disk.cachePartition.size = 66m
  hw.lcd.width = 1440
  hw.lcd.height = 2560
  hw.lcd.depth = 16
  hw.lcd.density = 560
  hw.lcd.backlight = true
  hw.gpu.enabled = true
  hw.gpu.mode = host
  hw.gpu.blacklisted = no
  hw.initialOrientation = Portrait
  hw.camera.back = emulated
  hw.camera.front = emulated
  vm.heapSize = 384
  hw.sensors.light = true
  hw.sensors.pressure = true
  hw.sensors.humidity = true
  hw.sensors.proximity = true
  hw.sensors.magnetic_field = true
  hw.sensors.orientation = true
  hw.sensors.temperature = true
  hw.useext4 = true
  kernel.path = /Users/paul/Library/Android/sdk/system-images/android-25/google_apis/x86//kernel-ranchu
  kernel.newDeviceNaming = yes
  kernel.supportsYaffs2 = no
  disk.ramdisk.path = /Users/paul/Library/Android/sdk/system-images/android-25/google_apis/x86//ramdisk.img
  disk.systemPartition.initPath = /Users/paul/Library/Android/sdk/system-images/android-25/google_apis/x86//system.img
  disk.systemPartition.size = 2g
  disk.dataPartition.path = /Users/paul/.android/avd/Nexus_6_API_25.avd/userdata-qemu.img
  disk.dataPartition.size = 800m
  disk.encryptionKeyPartition.path = /Users/paul/.android/avd/Nexus_6_API_25.avd/encryptionkey.img
  PlayStore.enabled = false
  avd.name = Nexus_6_API_25
.
QEMU options list:
emulator: argv[00] = "/Users/paul/Library/Android/sdk/emulator/qemu/darwin-x86_64/qemu-system-i386"
emulator: argv[01] = "-dns-server"
emulator: argv[02] = "10.255.88.1"
emulator: argv[03] = "-serial"
emulator: argv[04] = "null"
emulator: argv[05] = "-cpu"
emulator: argv[06] = "android32"
emulator: argv[07] = "-enable-hax"
emulator: argv[08] = "-smp"
emulator: argv[09] = "cores=2"
emulator: argv[10] = "-m"
emulator: argv[11] = "1536"
emulator: argv[12] = "-lcd-density"
emulator: argv[13] = "560"
emulator: argv[14] = "-kernel"
emulator: argv[15] = "/Users/paul/Library/Android/sdk/system-images/android-25/google_apis/x86//kernel-ranchu"
emulator: argv[16] = "-initrd"
emulator: argv[17] = "/Users/paul/Library/Android/sdk/system-images/android-25/google_apis/x86//ramdisk.img"
emulator: argv[18] = "-object"
emulator: argv[19] = "iothread,id=disk-iothread"
emulator: argv[20] = "-drive"
emulator: argv[21] = "if=none,overlap-check=none,cache=unsafe,index=0,id=system,file=/Users/paul/.android/avd/Nexus_6_API_25.avd/system.img.qcow2,read-only"
emulator: argv[22] = "-device"
emulator: argv[23] = "virtio-blk-pci,drive=system,iothread=disk-iothread,modern-pio-notify"
emulator: argv[24] = "-drive"
emulator: argv[25] = "if=none,overlap-check=none,cache=unsafe,index=1,id=cache,file=/Users/paul/.android/avd/Nexus_6_API_25.avd/cache.img.qcow2,l2-cache-size=1048576"
emulator: argv[26] = "-device"
emulator: argv[27] = "virtio-blk-pci,drive=cache,iothread=disk-iothread,modern-pio-notify"
emulator: argv[28] = "-drive"
emulator: argv[29] = "if=none,overlap-check=none,cache=unsafe,index=2,id=userdata,file=/Users/paul/.android/avd/Nexus_6_API_25.avd/userdata-qemu.img.qcow2,l2-cache-size=1048576"
emulator: argv[30] = "-device"
emulator: argv[31] = "virtio-blk-pci,drive=userdata,iothread=disk-iothread,modern-pio-notify"
emulator: argv[32] = "-drive"
emulator: argv[33] = "if=none,overlap-check=none,cache=unsafe,index=3,id=encrypt,file=/Users/paul/.android/avd/Nexus_6_API_25.avd/encryptionkey.img.qcow2,l2-cache-size=1048576"
emulator: argv[34] = "-device"
emulator: argv[35] = "virtio-blk-pci,drive=encrypt,iothread=disk-iothread,modern-pio-notify"
emulator: argv[36] = "-drive"
emulator: argv[37] = "if=none,overlap-check=none,cache=unsafe,index=4,id=sdcard,file=/Users/paul/.android/avd/Nexus_6_API_25.avd/sdcard.img.qcow2,l2-cache-size=1048576"
emulator: argv[38] = "-device"
emulator: argv[39] = "virtio-blk-pci,drive=sdcard,iothread=disk-iothread,modern-pio-notify"
emulator: argv[40] = "-netdev"
emulator: argv[41] = "user,id=mynet"
emulator: argv[42] = "-device"
emulator: argv[43] = "virtio-net-pci,netdev=mynet"
emulator: argv[44] = "-netdev"
emulator: argv[45] = "user,id=mynet2,net=10.0.3.0/24"
emulator: argv[46] = "-device"
emulator: argv[47] = "virtio-net-pci,netdev=mynet2"
emulator: argv[48] = "-show-cursor"
emulator: argv[49] = "-L"
emulator: argv[50] = "/Users/paul/Library/Android/sdk/emulator/lib/pc-bios"
emulator: argv[51] = "-soundhw"
emulator: argv[52] = "hda"
emulator: argv[53] = "-vga"
emulator: argv[54] = "none"
emulator: argv[55] = "-append"
emulator: argv[56] = "qemu=1 androidboot.hardware=ranchu clocksource=pit android.qemud=1 console=0 console=0 android.checkjni=1 qemu.gles=1 qemu.encrypt=1 cma=256M"
emulator: argv[57] = "-android-hw"
emulator: argv[58] = "/Users/paul/.android/avd/Nexus_6_API_25.avd/hardware-qemu.ini"
Concatenated QEMU options:
 /Users/paul/Library/Android/sdk/emulator/qemu/darwin-x86_64/qemu-system-i386 -dns-server 10.255.88.1 -serial null -cpu android32 -enable-hax -smp cores=2 -m 1536 -lcd-density 560 -kernel /Users/paul/Library/Android/sdk/system-images/android-25/google_apis/x86//kernel-ranchu -initrd /Users/paul/Library/Android/sdk/system-images/android-25/google_apis/x86//ramdisk.img -object iothread,id=disk-iothread -drive if=none,overlap-check=none,cache=unsafe,index=0,id=system,file=/Users/paul/.android/avd/Nexus_6_API_25.avd/system.img.qcow2,read-only -device virtio-blk-pci,drive=system,iothread=disk-iothread,modern-pio-notify -drive if=none,overlap-check=none,cache=unsafe,index=1,id=cache,file=/Users/paul/.android/avd/Nexus_6_API_25.avd/cache.img.qcow2,l2-cache-size=1048576 -device virtio-blk-pci,drive=cache,iothread=disk-iothread,modern-pio-notify -drive if=none,overlap-check=none,cache=unsafe,index=2,id=userdata,file=/Users/paul/.android/avd/Nexus_6_API_25.avd/userdata-qemu.img.qcow2,l2-cache-size=1048576 -device virtio-blk-pci,drive=userdata,iothread=disk-iothread,modern-pio-notify -drive if=none,overlap-check=none,cache=unsafe,index=3,id=encrypt,file=/Users/paul/.android/avd/Nexus_6_API_25.avd/encryptionkey.img.qcow2,l2-cache-size=1048576 -device virtio-blk-pci,drive=encrypt,iothread=disk-iothread,modern-pio-notify -drive if=none,overlap-check=none,cache=unsafe,index=4,id=sdcard,file=/Users/paul/.android/avd/Nexus_6_API_25.avd/sdcard.img.qcow2,l2-cache-size=1048576 -device virtio-blk-pci,drive=sdcard,iothread=disk-iothread,modern-pio-notify -netdev user,id=mynet -device virtio-net-pci,netdev=mynet -netdev user,id=mynet2,net=10.0.3.0/24 -device virtio-net-pci,netdev=mynet2 -show-cursor -L /Users/paul/Library/Android/sdk/emulator/lib/pc-bios -soundhw hda -vga none -append 'qemu=1 androidboot.hardware=ranchu clocksource=pit android.qemud=1 console=0 console=0 android.checkjni=1 qemu.gles=1 qemu.encrypt=1 cma=256M' -android-hw /Users/paul/.android/avd/Nexus_6_API_25.avd/hardware-qemu.ini
emulator: Starting QEMU main loop
Hax is enabled
Hax ram_size 0x60000000
emulator: registered 'boot-properties' qemud service
emulator: Adding boot property: 'qemu.sf.fake_camera' = 'both'
emulator: Initializing hardware OpenGLES emulation support
emulator: Adding boot property: 'ro.opengles.version' = '131072'
emulator: Adding boot property: 'dalvik.vm.heapsize' = '384m'
emulator: Adding boot property: 'qemu.hw.mainkeys' = '0'
emulator: Adding boot property: 'qemu.sf.lcd_density' = '560'
HAX is working and emulator runs in fast virt mode.
emulator: goldfish_events.have-dpad: false
emulator: goldfish_events.have-trackball: false
emulator: goldfish_events.have-camera: true
emulator: goldfish_events.have-keyboard: true
emulator: goldfish_events.have-lidswitch: false
emulator: goldfish_events.have-touch: false
emulator: goldfish_events.have-multitouch: true
emulator: control console listening on port 5554, ADB on port 5555
Not using any http proxy
emulator: android_hw_fingerprint_init: fingerprint qemud listen service initialized

emulator: onGuestSendCommand: [0x7f820ee10b50] Adb connected, start proxing data
emulator: _hwFingerprint_connect: connect finger print listen is called

emulator: got message from guest system fingerprint HAL

emulator: Done with QEMU main loop
coreaudio: coreaudio: Could not lock voice for audioInputDeviceIOProc
Reason: Invalid argument
Could not lock voice for audioOutputDeviceIOProc
Reason: Invalid argument
coreaudio: Could not lock voice for audioInputDeviceIOProc
Reason: Invalid argument
coreaudio: Could not lock voice for audioOutputDeviceIOProc
Reason: Invalid argument
coreaudio: Could not lock voice for audioInputDeviceIOProc
Reason: Invalid argument
coreaudio: Could not lock voice for audioOutputDeviceIOProc
Reason: Invalid argument
coreaudio: Could not lock voice for audioInputDeviceIOProc
Reason: Invalid argument
coreaudio: Could not lock voice for audioOutputDeviceIOProc
Reason: Invalid argument
coreaudio: Could not lock voice for audioInputDeviceIOProc
Reason: Invalid argument
coreaudio: Could not lock voice for audioOutputDeviceIOProc
Reason: Invalid argument
coreaudio: Could not lock voice for audioInputDeviceIOProc
Reason: Invalid argument
coreaudio: Could not lock voice for audioOutputDeviceIOProc
Reason: Invalid argument
coreaudio: Could not lock voice for audioInputDeviceIOProc
Reason: Invalid argument
coreaudio: Could not lock voice for audioOutputDeviceIOProc
Reason: Invalid argument
coreaudio: Could not lock voice for audioInputDeviceIOProc
Reason: Invalid argument
coreaudio: Could not lock voice for audioOutputDeviceIOProc
Reason: Invalid argument
coreaudio: Could not lock voice for audioInputDeviceIOProc
Reason: Invalid argument
coreaudio: Could not lock voice for audioOutputDeviceIOProc
Reason: Invalid argument
coreaudio: Could not lock voice for audioInputDeviceIOProc
Reason: Invalid argument
coreaudio: Could not lock voice for audioOutputDeviceIOProc
Reason: Invalid argument
coreaudio: Could not lock voice for audioInputDeviceIOProc
Reason: Invalid argument
coreaudio: Could not lock voice for audioOutputDeviceIOProc
Reason: Invalid argument
coreaudio: Could not lock voice for audioInputDeviceIOProc
Reason: Invalid argument
coreaudio: Could not lock voice for audioOutputDeviceIOProc
Reason: Invalid argument
coreaudio: Could not lock voice for audioInputDeviceIOProc
Reason: Invalid argument
coreaudio: Could not lock voice for audioOutputDeviceIOProc
Reason: Invalid argument
coreaudio: Could not lock voice for audioInputDeviceIOProc
Reason: Invalid argument
coreaudio: Could not lock voice for audioOutputDeviceIOProc
Reason: Invalid argument
coreaudio: Could not lock voice for audioInputDeviceIOProc
Reason: Invalid argument
coreaudio: Could not lock voice for audioOutputDeviceIOProc
Reason: Invalid argument
coreaudio: Could not lock voice for audioInputDeviceIOProc
Reason: Invalid argument
coreaudio: Could not lock voice for audioOutputDeviceIOProc
Reason: Invalid argument
coreaudio: Could not lock voice for audioInputDeviceIOProc
Reason: Invalid argument
coreaudio: Could not lock voice for audioOutputDeviceIOProc
Reason: Invalid argument
coreaudio: Could not lock voice for audioInputDeviceIOProc
Reason: Invalid argument
coreaudio: Could not lock voice for audioOutputDeviceIOProc
Reason: Invalid argument
coreaudio: Could not lock voice for audioInputDeviceIOProc
Reason: Invalid argument
coreaudio: Could not lock voice for audioOutputDeviceIOProc
Reason: Invalid argument
coreaudio: Could not lock voice for audioInputDeviceIOProc
Reason: Invalid argument
coreaudio: Could not lock voice for audioOutputDeviceIOProc
Reason: Invalid argument
coreaudio: Could not lock voice for audioInputDeviceIOProc
Reason: Invalid argument
coreaudio: Could not lock voice for audioOutputDeviceIOProc
Reason: Invalid argument
coreaudio: Could not lock voice for audioInputDeviceIOProc
Reason: Invalid argument
coreaudio: Could not lock voice for audioOutputDeviceIOProc
Reason: Invalid argument
coreaudio: Could not lock voice for audioInputDeviceIOProc
Reason: Invalid argument
coreaudio: Could not lock voice for audioOutputDeviceIOProc
Reason: Invalid argument
coreaudio: Could not lock voice for audioInputDeviceIOProc
Reason: Invalid argument
coreaudio: Could not lock voice for audioOutputDeviceIOProc
Reason: Invalid argument
coreaudio: Could not lock voice for audioInputDeviceIOProc
Reason: Invalid argument
coreaudio: Could not lock voice for audioOutputDeviceIOProc
Reason: Invalid argument
coreaudio: Could not lock voice for audioInputDeviceIOProc
Reason: Invalid argument
coreaudio: Could not lock voice for audioOutputDeviceIOProc
Reason: Invalid argument
coreaudio: Could not lock voice for audioInputDeviceIOProc
Reason: Invalid argument
coreaudio: Could not lock voice for audioOutputDeviceIOProc
Reason: Invalid argument
coreaudio: Could not lock voice for audioInputDeviceIOProc
Reason: Invalid argument
coreaudio: Could not lock voice for audioOutputDeviceIOProc
Reason: Invalid argument
coreaudio: Could not lock voice for audioInputDeviceIOProc
Reason: Invalid argument
coreaudio: Could not lock voice for audioOutputDeviceIOProc
Reason: Invalid argument
coreaudio: Could not lock voice for audioInputDeviceIOProc
Reason: Invalid argument
coreaudio: Could not lock voice for audioOutputDeviceIOProc
Reason: Invalid argument
coreaudio: Could not lock voice for audioInputDeviceIOProc
Reason: Invalid argument
coreaudio: Could not lock voice for audioOutputDeviceIOProc
Reason: Invalid argument
emulator: User configuration saved to /Users/paul/.android/avd/Nexus_6_API_25.avd/emulator-user.ini
coreaudio: Could not lock voice for audioInputDeviceIOProc
Reason: Invalid argument
coreaudio: Could not lock voice for audioOutputDeviceIOProc
Reason: Invalid argument
coreaudio: Could not lock voice for audioInputDeviceIOProc
Reason: Invalid argument
coreaudio: Could not lock voice for audioOutputDeviceIOProc
Reason: Invalid argument
coreaudio: Could not lock voice for audioInputDeviceIOProc
Reason: Invalid argument
coreaudio: Could not lock voice for audioOutputDeviceIOProc
Reason: Invalid argument
coreaudio: Could not lock voice for audioInputDeviceIOProc
Reason: Invalid argument
coreaudio: Could not lock voice for audioOutputDeviceIOProc
Reason: Invalid argument
coreaudio: Could not lock voice for audioInputDeviceIOProc
Reason: Invalid argument
coreaudio: Could not lock voice for audioOutputDeviceIOProc
Reason: Invalid argument
coreaudio: Could not lock voice for audioInputDeviceIOProc
Reason: Invalid argument
coreaudio: Could not lock voice for audioOutputDeviceIOProc
Reason: Invalid argument
coreaudio: Could not lock voice for audioInputDeviceIOProc
Reason: Invalid argument
coreaudio: Could not lock voice for audioOutputDeviceIOProc
Reason: Invalid argument
